2024-05-31T14:29:53.626Z GET /api/people
2024-05-31T14:30:17.415Z GET /api/planets
2024-05-31T14:33:27.432Z GET /api/people?search=
2024-05-31T14:33:29.209Z GET /api/people?search=adas
2024-05-31T14:33:32.841Z GET /api/people?search=an
2024-05-31T14:39:43.532Z GET /api/films
2024-05-31T14:39:44.110Z GET /api/films
2024-05-31T14:39:49.584Z GET /api/planets
2024-05-31T14:39:52.748Z GET /api/people
2024-05-31T14:39:55.909Z GET /api/starships
2024-05-31T14:39:58.798Z GET /api/vehicles
2024-05-31T14:40:06.609Z GET /api/people?search=
2024-05-31T15:08:15.169Z GET /api/planets
2024-05-31T15:08:27.604Z GET /api/films
2024-05-31T15:11:13.491Z GET /api/films
2024-05-31T15:11:14.301Z GET /api/films
2024-05-31T15:11:27.359Z GET /api/films
2024-05-31T15:11:27.779Z GET /api/films
2024-05-31T15:11:29.888Z GET /api/planets
2024-05-31T15:11:31.527Z GET /api/people
2024-05-31T15:11:32.581Z GET /api/starships
2024-05-31T15:11:35.752Z GET /api/vehicles
2024-05-31T15:12:58.596Z GET /api/starships
2024-05-31T15:12:59.648Z GET /api/people
2024-05-31T15:13:00.520Z GET /api/planets
2024-05-31T15:13:01.419Z GET /api/films
2024-05-31T16:22:14.318Z GET /api/planets/
2024-05-31T16:24:48.577Z GET /api/planets/
2024-05-31T16:24:52.553Z GET /api/people/
2024-05-31T16:25:36.845Z GET /api//films
2024-05-31T16:25:36.847Z GET /api//films
2024-05-31T16:25:43.712Z GET /api//films
2024-05-31T16:25:43.714Z GET /api//films
2024-05-31T16:25:58.107Z GET /api//films
2024-05-31T16:25:58.115Z GET /api//films
2024-05-31T16:25:59.501Z GET /api//films
2024-05-31T16:25:59.504Z GET /api//films
2024-05-31T16:26:08.675Z GET /api/films
2024-05-31T16:26:09.441Z GET /api/films
2024-05-31T16:26:15.454Z GET /api/films
2024-05-31T16:26:18.302Z GET /api/films
2024-05-31T16:26:22.149Z GET /api/films
2024-05-31T16:27:05.998Z GET /api/planets
2024-05-31T16:45:39.680Z GET /api/people
2024-05-31T16:56:49.862Z GET /api/people
2024-05-31T16:56:54.566Z GET /api/planets
2024-05-31T17:57:32.516Z GET /api/starships
2024-05-31T18:09:40.800Z GET /api/starships
2024-05-31T18:09:41.088Z GET /api/starships
2024-05-31T18:13:17.873Z GET /api/people?search=
2024-05-31T18:14:19.443Z GET /api/films
2024-05-31T18:14:20.002Z GET /api/films
2024-05-31T18:14:49.770Z GET /api/films
2024-05-31T18:14:50.174Z GET /api/films
2024-05-31T18:14:52.823Z GET /api/films
2024-05-31T18:14:53.176Z GET /api/films
2024-05-31T18:15:08.500Z GET /api/people
2024-05-31T18:15:09.500Z GET /api/people
2024-05-31T18:15:09.686Z GET /api/people
2024-05-31T18:15:10.595Z GET /api/people
2024-05-31T18:15:10.748Z GET /api/people
2024-05-31T18:15:55.335Z GET /api/people
2024-05-31T18:15:55.665Z GET /api/people
2024-05-31T18:15:56.783Z GET /api/films
2024-05-31T18:15:57.022Z GET /api/films
2024-05-31T18:15:58.539Z GET /api/vehicles
2024-05-31T18:26:22.417Z GET /api/vehicles
2024-05-31T18:26:22.672Z GET /api/vehicles
2024-05-31T18:26:27.146Z GET /api/people?search=
2024-05-31T18:26:29.538Z GET /api/vehicles
2024-05-31T18:26:29.739Z GET /api/vehicles
2024-06-01T11:20:57.807Z GET /api/films
2024-06-01T11:20:58.919Z GET /api/films
2024-06-01T11:21:12.906Z GET /api/people?search=
2024-06-01T11:21:15.344Z GET /api/people?search=
2024-06-01T11:21:23.471Z GET /api/planets
2024-06-01T11:21:23.893Z GET /api/planets
2024-06-01T11:27:05.664Z GET /api/planets
2024-06-01T11:27:10.020Z GET /api/planets
2024-06-01T11:27:10.023Z GET /api/planets
2024-06-01T11:29:02.800Z GET /api/planets
2024-06-01T11:29:03.459Z GET /api/planets
2024-06-01T11:29:13.742Z GET /api/planets
2024-06-01T11:29:15.008Z GET /api/planets
2024-06-01T11:29:45.809Z GET /api/planets
2024-06-01T11:29:46.475Z GET /api/planets
2024-06-01T11:29:57.957Z GET /api/planets
2024-06-01T11:29:58.436Z GET /api/planets
2024-06-01T11:29:59.328Z GET /api/films
2024-06-01T11:31:44.977Z GET /api/films
2024-06-01T11:31:45.861Z GET /api/films
2024-06-01T11:33:13.567Z GET /api/planets
2024-06-01T11:33:14.287Z GET /api/films
2024-06-01T11:33:21.806Z GET /api/starships
2024-06-01T11:33:31.499Z GET /api/vehicles
2024-06-01T11:33:33.296Z GET /api/people?search=
2024-06-01T11:33:40.794Z GET /api/films
2024-06-01T11:33:41.463Z GET /api/films
2024-06-01T11:34:42.189Z GET /api/vehicles
2024-06-01T11:36:48.693Z GET /api/vehicles
2024-06-01T11:36:49.203Z GET /api/vehicles
2024-06-01T11:39:02.380Z GET /api/vehicles
2024-06-01T11:39:02.888Z GET /api/vehicles
2024-06-01T11:40:24.364Z GET /api/vehicles
2024-06-01T11:40:24.740Z GET /api/vehicles
2024-06-01T11:40:40.346Z GET /api/vehicles
2024-06-01T11:40:40.728Z GET /api/vehicles
2024-06-01T11:40:49.431Z GET /api/vehicles
2024-06-01T11:40:49.922Z GET /api/vehicles
2024-06-01T11:45:08.799Z GET /api/vehicles
2024-06-01T11:45:09.625Z GET /api/vehicles
2024-06-01T11:45:32.139Z GET /api/vehicles
2024-06-01T11:45:32.828Z GET /api/vehicles
2024-06-01T11:45:51.109Z GET /api/vehicles
2024-06-01T11:45:52.060Z GET /api/vehicles
2024-06-01T11:46:14.411Z GET /api/vehicles
2024-06-01T11:46:14.788Z GET /api/vehicles
2024-06-01T11:52:29.452Z GET /api/vehicles
2024-06-01T11:52:30.990Z GET /api/vehicles
2024-06-01T11:54:55.929Z GET /api/films
2024-06-01T11:55:00.668Z GET /api/films
2024-06-01T11:55:10.195Z GET /api/people
2024-06-01T11:55:11.198Z GET /api/people
2024-06-01T11:55:24.583Z GET /api/people
2024-06-01T11:55:24.982Z GET /api/people
2024-06-01T11:55:26.264Z GET /api/films
2024-06-01T12:13:02.756Z GET /api/planets
2024-06-01T12:13:03.194Z GET /api/planets
2024-06-01T12:13:04.234Z GET /api/films
2024-06-01T12:13:42.605Z GET /api/planets
2024-06-01T12:13:43.186Z GET /api/planets
2024-06-01T12:13:52.830Z GET /api/planets
2024-06-01T12:13:53.145Z GET /api/planets
2024-06-01T12:13:54.692Z GET /api/planets
2024-06-01T12:13:54.816Z GET /api/planets
2024-06-01T12:14:18.201Z GET /api/starships
2024-06-01T12:32:12.380Z GET /api/films
2024-06-01T12:32:13.042Z GET /api/films
2024-06-01T12:33:04.196Z GET /api/films
2024-06-01T12:33:04.924Z GET /api/films
2024-06-01T12:41:18.859Z GET /api/vehicles
2024-06-01T12:41:19.477Z GET /api/vehicles
2024-06-01T12:42:04.955Z GET /api/vehicles
2024-06-01T12:42:05.360Z GET /api/vehicles
2024-06-01T12:42:12.776Z GET /api/vehicles
2024-06-01T12:42:13.183Z GET /api/vehicles
2024-06-01T12:42:14.703Z GET /api/planets
2024-06-01T12:42:36.730Z GET /api/planets
2024-06-01T12:42:37.178Z GET /api/planets
2024-06-01T12:43:43.511Z GET /api/films
2024-06-01T12:43:44.196Z GET /api/films
2024-06-01T12:43:53.569Z GET /api/planets
2024-06-01T12:46:30.562Z GET /api/planets
2024-06-01T12:46:31.008Z GET /api/planets
2024-06-01T12:48:06.863Z GET /api/planets
2024-06-01T12:48:07.120Z GET /api/planets
2024-06-01T12:50:11.282Z GET /api/planets
2024-06-01T12:50:11.610Z GET /api/planets
2024-06-01T12:50:24.992Z GET /api/planets
2024-06-01T12:50:25.251Z GET /api/planets
2024-06-01T12:54:58.407Z GET /api/films
2024-06-01T12:54:58.809Z GET /api/films
2024-06-01T12:55:00.607Z GET /api/planets
2024-06-01T12:56:02.999Z GET /api/planets
2024-06-01T12:56:03.259Z GET /api/planets
2024-06-01T12:56:27.233Z GET /api/films
2024-06-01T12:56:27.630Z GET /api/films
2024-06-01T12:56:30.433Z GET /api/planets
2024-06-01T12:57:25.423Z GET /api/people?search=an
2024-06-01T12:57:57.326Z GET /api/films
2024-06-01T12:57:57.731Z GET /api/films
2024-06-01T12:58:02.579Z GET /api/planets
2024-06-01T12:59:46.155Z GET /api/films
2024-06-01T12:59:46.565Z GET /api/films
2024-06-01T13:05:33.403Z GET /api/films
2024-06-01T13:05:33.883Z GET /api/films
2024-06-01T13:06:40.800Z GET /api/people?search=an
2024-06-01T13:07:48.051Z GET /api/vehicles
2024-06-01T13:07:48.348Z GET /api/vehicles
2024-06-01T13:07:55.838Z GET /api/films
2024-06-01T13:12:06.178Z GET /api/films
2024-06-01T13:12:06.667Z GET /api/films
2024-06-01T13:22:34.019Z GET /api/films
2024-06-01T13:22:34.463Z GET /api/films
2024-06-01T13:23:18.950Z GET /api/people
2024-06-01T13:23:24.950Z GET /api/people?search=
